<?xml version="1.0" encoding="UTF-8"?>
<!-- Generated by org.testng.reporters.JUnitReportReporter -->
<testsuite skipped="0" hostname="LAPTOP-AG8IO77N" name="com.cucumber.runner.TestRunnerDemo" tests="1" failures="0" timestamp="01 Jan 2018 19:26:52 GMT" time="13.752" errors="0">
  <testcase name="feature" time="13.752" classname="com.cucumber.runner.TestRunnerDemo"/>
</testsuite> <!-- com.cucumber.runner.TestRunnerDemo -->
