<?xml version="1.0" encoding="UTF-8"?>
<!-- Generated by org.testng.reporters.JUnitReportReporter -->
<testsuite skipped="0" hostname="LAPTOP-AG8IO77N" name="com.cucumber.runner.TestRunnerDemo2" tests="1" failures="0" timestamp="05 Jan 2018 01:48:04 GMT" time="11.235" errors="0">
  <testcase name="feature" time="11.235" classname="com.cucumber.runner.TestRunnerDemo2"/>
</testsuite> <!-- com.cucumber.runner.TestRunnerDemo2 -->
