<?xml version="1.0" encoding="UTF-8"?>
<!-- Generated by org.testng.reporters.JUnitReportReporter -->
<testsuite skipped="0" hostname="LAPTOP-AG8IO77N" name="com.cucumber.runner.ExcelSheetreporting" tests="2" failures="0" timestamp="07 Jan 2018 21:58:00 GMT" time="1.668" errors="0">
  <testcase name="test" time="0.001" classname="com.cucumber.runner.ExcelSheetreporting"/>
  <testcase name="feature" time="1.667" classname="com.cucumber.runner.ExcelSheetreporting"/>
</testsuite> <!-- com.cucumber.runner.ExcelSheetreporting -->
